<?xml version="1.0" encoding="UTF-8"?>
<!-- Generated by org.testng.reporters.JUnitReportReporter -->
<testsuite ignored="1" hostname="Syeds-MBP" failures="0" tests="1" name="test.HomePageTest" time="0.116" errors="0" timestamp="28 May 2023 05:39:12 GMT" skipped="0">
  <testcase classname="test.HomePageTest" name="hpTest" time="0.116"/>
  <testcase classname="test.BaseTest" name="setUp">
    <skipped/>
  </testcase> <!-- setUp -->
</testsuite> <!-- test.HomePageTest -->
