<?xml version="1.0" encoding="UTF-8"?>
<!-- Generated by org.testng.reporters.JUnitReportReporter -->
<testsuite ignored="1" hostname="Syeds-MBP" failures="0" tests="3" name="test.CreatePageTest" time="2.462" errors="0" timestamp="28 May 2023 05:39:12 GMT" skipped="0">
  <testcase classname="test.CreatePageTest" name="createAccountPageTest" time="0.815"/>
  <testcase classname="test.CreatePageTest" name="createAccountPageTest" time="0.878"/>
  <testcase classname="test.CreatePageTest" name="createAccountPageTest" time="0.769"/>
  <testcase classname="test.BaseTest" name="setUp">
    <skipped/>
  </testcase> <!-- setUp -->
</testsuite> <!-- test.CreatePageTest -->
